### fn: a.out, data_s: 0x0804a060, data_e: 0x0841a980
LoadConst(ebx, 0x0), (s: 0x80484b9, e: 0x80484bb), modified: [;ebx], stack_fix: 8
LoadConst(ebx, 0x8), (s: 0x80484b6, e: 0x80484bb), modified: [;ebx], stack_fix: 16
LoadConst(ebp, 0x0), (s: 0x8048a4b, e: 0x8048a4d), modified: [;ebp], stack_fix: 8
LoadConst(edi, 0x0), (s: 0x8048a4a, e: 0x8048a4d), modified: [;edi;ebp], stack_fix: 12
LoadConst(ebp, 0x4), (s: 0x8048a4a, e: 0x8048a4d), modified: [;edi;ebp], stack_fix: 12
LoadConst(esi, 0x0), (s: 0x8048a49, e: 0x8048a4d), modified: [;esi;edi;ebp], stack_fix: 16
LoadConst(edi, 0x4), (s: 0x8048a49, e: 0x8048a4d), modified: [;esi;edi;ebp], stack_fix: 16
LoadConst(ebp, 0x8), (s: 0x8048a49, e: 0x8048a4d), modified: [;esi;edi;ebp], stack_fix: 16
LoadConst(ebx, 0x0), (s: 0x8048a48, e: 0x8048a4d), modified: [;ebx;esi;edi;ebp], stack_fix: 20
LoadConst(esi, 0x4), (s: 0x8048a48, e: 0x8048a4d), modified: [;ebx;esi;edi;ebp], stack_fix: 20
LoadConst(edi, 0x8), (s: 0x8048a48, e: 0x8048a4d), modified: [;ebx;esi;edi;ebp], stack_fix: 20
LoadConst(ebp, 0xc), (s: 0x8048a48, e: 0x8048a4d), modified: [;ebx;esi;edi;ebp], stack_fix: 20
LoadConst(esi, 0x0), (s: 0x8048a47, e: 0x8048a4d), modified: [;eax;esi;edi;ebp], stack_fix: 16
LoadConst(edi, 0x4), (s: 0x8048a47, e: 0x8048a4d), modified: [;eax;esi;edi;ebp], stack_fix: 16
LoadConst(ebp, 0x8), (s: 0x8048a47, e: 0x8048a4d), modified: [;eax;esi;edi;ebp], stack_fix: 16
LoadConst(ebx, 0xc), (s: 0x8048a45, e: 0x8048a4d), modified: [;ebx;esi;edi;ebp], stack_fix: 32
LoadConst(esi, 0x10), (s: 0x8048a45, e: 0x8048a4d), modified: [;ebx;esi;edi;ebp], stack_fix: 32
LoadConst(edi, 0x14), (s: 0x8048a45, e: 0x8048a4d), modified: [;ebx;esi;edi;ebp], stack_fix: 32
LoadConst(ebp, 0x18), (s: 0x8048a45, e: 0x8048a4d), modified: [;ebx;esi;edi;ebp], stack_fix: 32
BinOp(eax, eax, ^, edx), (s: 0x80487b9, e: 0x80487bc), modified: [;eax], stack_fix: 4
BinOp(eax, eax, ^, ecx), (s: 0x80487b6, e: 0x80487b9), modified: [;eax], stack_fix: 4
BinOp(eax, eax, ^, ebx), (s: 0x80487b3, e: 0x80487b6), modified: [;eax], stack_fix: 4
BinOp(eax, eax, /, ebx), (s: 0x80487ae, e: 0x80487b3), modified: [;eax;edx], stack_fix: 4
LoadConst(ecx, 0x0), (s: 0x80487ac, e: 0x80487ae), modified: [;ecx], stack_fix: 8
BinOp(eax, eax, +, ecx), (s: 0x80487a9, e: 0x80487ac), modified: [;eax], stack_fix: 4
BinOp(ebx, ebx, +, ecx), (s: 0x80487a6, e: 0x80487a9), modified: [;ebx], stack_fix: 4
BinOp(eax, eax, *, edx), (s: 0x80487a3, e: 0x80487a6), modified: [;eax;edx], stack_fix: 4
BinOp(eax, eax, *, ecx), (s: 0x80487a0, e: 0x80487a3), modified: [;eax;edx], stack_fix: 4
BinOp(eax, eax, *, ebx), (s: 0x804879d, e: 0x80487a0), modified: [;eax;edx], stack_fix: 4
BinOp(ebx, ebx, &, edx), (s: 0x804879a, e: 0x804879d), modified: [;ebx], stack_fix: 4
BinOp(eax, eax, &, edx), (s: 0x8048797, e: 0x804879a), modified: [;eax], stack_fix: 4
BinOp(ebx, ebx, &, ecx), (s: 0x8048794, e: 0x8048797), modified: [;ebx], stack_fix: 4
BinOp(ecx, ecx, &, edx), (s: 0x8048791, e: 0x8048794), modified: [;ecx], stack_fix: 4
BinOp(eax, eax, &, ebx), (s: 0x804878e, e: 0x8048791), modified: [;eax], stack_fix: 4
BinOp(eax, eax, |, ebx), (s: 0x804878b, e: 0x804878e), modified: [;eax], stack_fix: 4
BinOp(eax, eax, +, ebx), (s: 0x8048788, e: 0x804878b), modified: [;eax], stack_fix: 4
BinOp(eax, eax, -, ebx), (s: 0x8048785, e: 0x8048788), modified: [;eax], stack_fix: 4
ReadMem(edx = [ebx+0x0]), (s: 0x8048782, e: 0x8048785), modified: [;edx], stack_fix: 4
WriteMem([eax+0x0] = ecx), (s: 0x804877f, e: 0x8048782), modified: [], stack_fix: 4
WriteMem([ebx+0x0] = eax), (s: 0x804877c, e: 0x804877f), modified: [], stack_fix: 4
WriteMem([eax+0x0] = eax), (s: 0x8048779, e: 0x804877c), modified: [], stack_fix: 4
ReadMem(ebx = [eax+0x0]), (s: 0x8048776, e: 0x8048779), modified: [;ebx], stack_fix: 4
ReadMem(eax = [eax+0x0]), (s: 0x8048773, e: 0x8048776), modified: [;eax], stack_fix: 4
ReadMem(edx = [edx+0x0]), (s: 0x8048770, e: 0x8048773), modified: [;edx], stack_fix: 4
ReadMem(ecx = [edx+0x0]), (s: 0x804876d, e: 0x8048770), modified: [;ecx], stack_fix: 4
ReadMem(ecx = [ecx+0x0]), (s: 0x804876a, e: 0x804876d), modified: [;ecx], stack_fix: 4
BinOp(ecx, ecx, -, edx), (s: 0x8048767, e: 0x804876a), modified: [;ecx], stack_fix: 4
BinOp(ecx, ecx, +, edx), (s: 0x8048764, e: 0x8048767), modified: [;ecx], stack_fix: 4
BinOp(edx, ebx, +, edx), (s: 0x8048761, e: 0x8048764), modified: [;edx], stack_fix: 4
BinOp(ecx, eax, +, ecx), (s: 0x804875e, e: 0x8048761), modified: [;ecx], stack_fix: 4
ReadMem(edx = [ecx+0x0]), (s: 0x804875b, e: 0x804875e), modified: [;edx], stack_fix: 4
WriteMem([ecx+0x0] = edx), (s: 0x8048758, e: 0x804875b), modified: [], stack_fix: 4
LoadConst(edx, 0x0), (s: 0x8048756, e: 0x8048758), modified: [;edx], stack_fix: 8
LoadConst(ecx, 0x0), (s: 0x8048754, e: 0x8048756), modified: [;ecx], stack_fix: 8
LoadConst(ebx, 0x0), (s: 0x8048752, e: 0x8048754), modified: [;ebx], stack_fix: 8
LoadConst(eax, 0x0), (s: 0x8048750, e: 0x8048752), modified: [;eax], stack_fix: 8
BinOp(eax, eax, +, ebx), (s: 0x804874d, e: 0x8048750), modified: [;eax], stack_fix: 4
LoadConst(edx, 0x0), (s: 0x804874b, e: 0x804874d), modified: [;edx], stack_fix: 8
LoadConst(ecx, 0x0), (s: 0x804874a, e: 0x804874d), modified: [;ecx;edx], stack_fix: 12
LoadConst(edx, 0x4), (s: 0x804874a, e: 0x804874d), modified: [;ecx;edx], stack_fix: 12
OpEsp(+, ebx, 12), (s: 0x8048748, e: 0x804874d), modified: [;ecx;edx], stack_fix: 12
CopyReg(eax, esp), (s: 0x8048745, e: 0x8048748), modified: [;eax], stack_fix: 4
OpEsp(+, eax, 4), (s: 0x8048742, e: 0x8048745), modified: [], stack_fix: 4
WriteMem([eax+0x0] = ebx), (s: 0x804873f, e: 0x8048742), modified: [], stack_fix: 4
ReadMem(eax = [ebx+0x0]), (s: 0x804873c, e: 0x804873f), modified: [;eax], stack_fix: 4
LoadConst(ebx, 0x0), (s: 0x804873a, e: 0x804873c), modified: [;ebx], stack_fix: 8
Lahf, (s: 0x8048738, e: 0x804873a), modified: [;eax], stack_fix: 4
CopyReg(eax, ebx), (s: 0x8048735, e: 0x8048738), modified: [;eax], stack_fix: 4
BinOp(eax, eax, +, ebx), (s: 0x8048732, e: 0x8048735), modified: [;eax], stack_fix: 4
BinOp(edx, ecx, +, edx), (s: 0x8048722, e: 0x8048725), modified: [;edx], stack_fix: 4
LoadConst(ecx, 0x0), (s: 0x8048720, e: 0x8048722), modified: [;ecx], stack_fix: 8
LoadConst(ecx, 0x0), (s: 0x804871f, e: 0x8048722), modified: [;ecx], stack_fix: 8
LoadConst(ecx, 0x0), (s: 0x804871e, e: 0x8048722), modified: [;ecx;ebp], stack_fix: 8
CopyReg(ebp, edi), (s: 0x804871e, e: 0x8048722), modified: [;ecx;ebp], stack_fix: 8
LoadConst(ecx, 0x0), (s: 0x804871c, e: 0x8048722), modified: [;eax;ecx;ebp], stack_fix: 8
CopyReg(ebp, edi), (s: 0x804871c, e: 0x8048722), modified: [;eax;ecx;ebp], stack_fix: 8
LoadConst(ecx, 0x0), (s: 0x804871a, e: 0x8048722), modified: [;ecx;esi;ebp], stack_fix: 8
LoadConst(esi, 0x8), (s: 0x804871a, e: 0x8048722), modified: [;ecx;esi;ebp], stack_fix: 8
CopyReg(ebp, edi), (s: 0x804871a, e: 0x8048722), modified: [;ecx;esi;ebp], stack_fix: 8
LoadConst(ecx, 0x0), (s: 0x8048718, e: 0x8048722), modified: [;eax;ecx;esi;ebp], stack_fix: 8
LoadConst(esi, 0x8), (s: 0x8048718, e: 0x8048722), modified: [;eax;ecx;esi;ebp], stack_fix: 8
BinOp(eax, eax, ^, edx), (s: 0x8048718, e: 0x8048722), modified: [;eax;ecx;esi;ebp], stack_fix: 8
CopyReg(ebp, edi), (s: 0x8048718, e: 0x8048722), modified: [;eax;ecx;esi;ebp], stack_fix: 8
WriteMemOp([eax+0xbeef] ^= ebx), (s: 0x804870d, e: 0x8048718), modified: [;eax;ebx], stack_fix: 4
WriteMem([ebx+0xbadc0de] = ecx), (s: 0x8048706, e: 0x804870d), modified: [], stack_fix: 4
WriteMem([ebx+0xbadc0de] = ecx), (s: 0x8048704, e: 0x804870d), modified: [;edx], stack_fix: 4
ReadMemOp(eax ^= [ebx+0xf00d]), (s: 0x80486f5, e: 0x80486fc), modified: [;eax], stack_fix: 4
ReadMem(edx = [ecx+0xbadf00d]), (s: 0x80486ee, e: 0x80486f5), modified: [;edx], stack_fix: 4
LoadConst(eax, 0x0), (s: 0x80486e6, e: 0x80486e8), modified: [;eax], stack_fix: 8
LoadConst(ebx, 0x0), (s: 0x80485f0, e: 0x80485f4), modified: [;ebx], stack_fix: 4
LoadConst(ebx, 0x0), (s: 0x80485ef, e: 0x80485f4), modified: [;ebx], stack_fix: 4
LoadConst(ebx, 0x0), (s: 0x80485ee, e: 0x80485f4), modified: [;ebx], stack_fix: 4
LoadConst(ebx, 0x0), (s: 0x80485ed, e: 0x80485f4), modified: [;ebx], stack_fix: 4
LoadConst(ebx, 0x0), (s: 0x80485ec, e: 0x80485f4), modified: [;ebx], stack_fix: 4
LoadConst(ebx, 0x0), (s: 0x80485eb, e: 0x80485f4), modified: [;ebx], stack_fix: 4
LoadConst(ebx, 0x0), (s: 0x80485ea, e: 0x80485f4), modified: [;ebx], stack_fix: 4
LoadConst(ebx, 0x0), (s: 0x80485e9, e: 0x80485f4), modified: [;ebx], stack_fix: 4
LoadConst(ebx, 0x0), (s: 0x8048a66, e: 0x8048a68), modified: [;ebx], stack_fix: 8
LoadConst(ebx, 0x8), (s: 0x8048a63, e: 0x8048a68), modified: [;ebx], stack_fix: 16
